{
  "RSpec": {
    "coverage": {
      "/Users/Fasolin/Projects/bookmark_manager/spec/feature/creating_links_spec.rb": [
        1,
        1,
        null,
        1,
        1,
        1,
        1,
        1,
        null,
        1,
        1,
        null,
        null,
        null
      ],
      "/Users/Fasolin/Projects/bookmark_manager/spec/feature/feature_spec.rb": [
        1,
        1,
        null,
        1,
        1,
        1,
        1,
        null,
        1,
        1,
        null,
        null,
        null
      ],
      "/Users/Fasolin/Projects/bookmark_manager/spec/feature/filter_tags_spec.rb": [
        1,
        null,
        1,
        1,
        1,
        1,
        1,
        1,
        1,
        1,
        1,
        null,
        null
      ],
      "/Users/Fasolin/Projects/bookmark_manager/spec/feature/new_tag_spec.rb": [
        1,
        1,
        null,
        1,
        1,
        1,
        1,
        1,
        1,
        1,
        1,
        null,
        null
      ]
    },
    "timestamp": 1493902470
  }
}
